<?xml version="1.0" encoding="UTF-8"?>
<Site BuildName="(empty)"
	BuildStamp="20231007-0910-Experimental"
	Name="matteo-HP-Pavilion-Laptop-15-cs2xxx"
	Generator="ctest-3.16.3"
	CompilerName="/usr/bin/g++"
	CompilerVersion="9.4.0"
	OSName="Linux"
	Hostname="matteo-HP-Pavilion-Laptop-15-cs2xxx"
	OSRelease="5.15.0-86-generic"
	OSVersion="#96~20.04.1-Ubuntu SMP Thu Sep 21 13:23:37 UTC 2023"
	OSPlatform="x86_64"
	Is64Bits="1"
	VendorString="GenuineIntel"
	VendorID="Intel Corporation"
	FamilyID="6"
	ModelID="142"
	ProcessorCacheSize="8192"
	NumberOfLogicalCPU="8"
	NumberOfPhysicalCPU="4"
	TotalVirtualMemory="2004"
	TotalPhysicalMemory="15875"
	LogicalProcessorsPerPhysical="2"
	ProcessorClockFrequency="3499.87"
	>
	<Testing>
		<StartDateTime>Oct 07 12:10 EEST</StartDateTime>
		<StartTestTime>1696669849</StartTestTime>
		<TestList/>
		<EndDateTime>Oct 07 12:10 EEST</EndDateTime>
		<EndTestTime>1696669849</EndTestTime>
		<ElapsedMinutes>0</ElapsedMinutes>
	</Testing>
</Site>
